<?xml version="1.0" encoding="UTF-8"?>
<!-- Generated by org.testng.reporters.JUnitReportReporter -->
<testsuite skipped="0" hostname="anil-HP" name="org.test.Employee" tests="1" failures="0" timestamp="06 Jan 2022 17:26:22 GMT" time="10.842" errors="0">
  <testcase name="test1" time="10.842" classname="org.test.Employee"/>
</testsuite> <!-- org.test.Employee -->
