<?xml version="1.0" encoding="UTF-8"?>
<!-- Generated by org.testng.reporters.JUnitReportReporter -->
<testsuite skipped="0" hostname="anil-HP" name="org.demo.TestNg" tests="1" failures="0" timestamp="05 Jan 2022 13:38:41 GMT" time="15.675" errors="0">
  <testcase name="test" time="15.675" classname="org.demo.TestNg"/>
</testsuite> <!-- org.demo.TestNg -->
